/Applications/CLion.app/Contents/bin/cmake/mac/bin/cmake -DCMAKE_BUILD_TYPE=Debug -DCMAKE_MAKE_PROGRAM=/Applications/CLion.app/Contents/bin/ninja/mac/ninja -G Ninja -S /Users/mac/CLionProjects/BACA_MN_1 -B /Users/mac/CLionProjects/BACA_MN_1/cmake-build-debug
CMake Warning at /Applications/CLion.app/Contents/bin/cmake/mac/share/cmake-3.25/Modules/Platform/Darwin-Initialize.cmake:303 (message):
  Ignoring CMAKE_OSX_SYSROOT value:

   /Library/Developer/CommandLineTools/SDKs/MacOSX13.1.sdk

  because the directory does not exist.
Call Stack (most recent call first):
  /Applications/CLion.app/Contents/bin/cmake/mac/share/cmake-3.25/Modules/CMakeSystemSpecificInitialize.cmake:21 (include)
  CMakeLists.txt:2 (project)


-- The C compiler identification is AppleClang 15.0.0.15000040
-- The CXX compiler identification is AppleClang 15.0.0.15000040
-- Detecting C compiler ABI info
-- Detecting C compiler ABI info - failed
-- Check for working C compiler: /Library/Developer/CommandLineTools/usr/bin/cc
-- Check for working C compiler: /Library/Developer/CommandLineTools/usr/bin/cc - broken
CMake Error at /Applications/CLion.app/Contents/bin/cmake/mac/share/cmake-3.25/Modules/CMakeTestCCompiler.cmake:70 (message):
  The C compiler

    "/Library/Developer/CommandLineTools/usr/bin/cc"

  is not able to compile a simple test program.

  It fails with the following output:

    Change Dir: /Users/mac/CLionProjects/BACA_MN_1/cmake-build-debug/CMakeFiles/CMakeScratch/TryCompile-9Dbfvu
    
    Run Build Command(s):/Applications/CLion.app/Contents/bin/ninja/mac/ninja cmTC_0bbd8 && [1/2] Building C object CMakeFiles/cmTC_0bbd8.dir/testCCompiler.c.o
    [2/2] Linking C executable cmTC_0bbd8
    FAILED: cmTC_0bbd8 
    : && /Library/Developer/CommandLineTools/usr/bin/cc -arch arm64 -Wl,-search_paths_first -Wl,-headerpad_max_install_names  CMakeFiles/cmTC_0bbd8.dir/testCCompiler.c.o -o cmTC_0bbd8   && :
    ld: library 'System' not found
    clang: error: linker command failed with exit code 1 (use -v to see invocation)
    ninja: build stopped: subcommand failed.
    
    

  

  CMake will not be able to correctly generate this project.
Call Stack (most recent call first):
  CMakeLists.txt:2 (project)


-- Configuring incomplete, errors occurred!
See also "/Users/mac/CLionProjects/BACA_MN_1/cmake-build-debug/CMakeFiles/CMakeOutput.log".
See also "/Users/mac/CLionProjects/BACA_MN_1/cmake-build-debug/CMakeFiles/CMakeError.log".
